<?xml version="1.0" encoding="UTF-8"?>
<!-- Generated by org.testng.reporters.JUnitXMLReporter -->
<testsuite ignored="0" hostname="INBook_X1" failures="0" tests="4" name="Test" time="4.826" errors="0" timestamp="2025-04-04T22:43:54 IST">
  <testcase classname="com.amazon.tests.AddToCartTest" name="addProductToCart" time="0.013"/>
  <testcase classname="tests.LoginTest" name="loginTest" time="0.003"/>
  <testcase classname="tests.LoginTest" name="loginTest" time="0.002"/>
  <testcase classname="tests.SearchTest" name="searchTest" time="0.001"/>
</testsuite> <!-- Test -->
