<?xml version="1.0" encoding="UTF-8"?>
<!-- Generated by org.testng.reporters.JUnitXMLReporter -->
<testsuite ignored="0" hostname="INBook_X1" failures="0" tests="4" name="Command line test" time="7.387" errors="0" timestamp="2025-04-04T22:46:25 IST">
  <testcase classname="com.amazon.tests.AddToCartTest" name="addProductToCart" time="1.932"/>
  <testcase classname="tests.LoginTest" name="loginTest" time="0.001"/>
  <testcase classname="tests.LoginTest" name="loginTest" time="0.0"/>
  <testcase classname="tests.SearchTest" name="searchTest" time="0.001"/>
</testsuite> <!-- Command line test -->
