<?xml version="1.0" encoding="UTF-8"?>
<testng-results ignored="0" total="4" passed="4" failed="0" skipped="0">
  <reporter-output>
  </reporter-output>
  <suite started-at="2025-04-04T22:46:17 IST" name="Command line suite" finished-at="2025-04-04T22:46:25 IST" duration-ms="7387">
    <groups>
    </groups>
    <test started-at="2025-04-04T22:46:17 IST" name="Command line test" finished-at="2025-04-04T22:46:25 IST" duration-ms="7387">
      <class name="tests.LoginTest">
        <test-method signature="loginTest(java.lang.String,java.lang.String)[pri:0, instance:tests.LoginTest@7a52f2a2]" started-at="2025-04-04T22:46:24 IST" name="loginTest" data-provider="testData" finished-at="2025-04-04T22:46:24 IST" duration-ms="1" status="PASS">
          <params>
            <param index="0">
              <value>
                <![CDATA[testuser1@gmail.com]]>
              </value>
            </param>
            <param index="1">
              <value>
                <![CDATA[testpass123]]>
              </value>
            </param>
          </params>
          <reporter-output>
          </reporter-output>
        </test-method> <!-- loginTest -->
        <test-method signature="loginTest(java.lang.String,java.lang.String)[pri:0, instance:tests.LoginTest@7a52f2a2]" started-at="2025-04-04T22:46:24 IST" name="loginTest" data-provider="testData" finished-at="2025-04-04T22:46:24 IST" duration-ms="0" status="PASS">
          <params>
            <param index="0">
              <value>
                <![CDATA[testuser2@gmail.com]]>
              </value>
            </param>
            <param index="1">
              <value>
                <![CDATA[testpass456]]>
              </value>
            </param>
          </params>
          <reporter-output>
          </reporter-output>
        </test-method> <!-- loginTest -->
      </class> <!-- tests.LoginTest -->
      <class name="com.amazon.tests.AddToCartTest">
        <test-method is-config="true" signature="setup()[pri:0, instance:com.amazon.tests.AddToCartTest@5e4c8041]" started-at="2025-04-04T22:46:17 IST" name="setup" finished-at="2025-04-04T22:46:21 IST" duration-ms="4006" status="PASS">
          <reporter-output>
          </reporter-output>
        </test-method> <!-- setup -->
        <test-method signature="addProductToCart()[pri:0, instance:com.amazon.tests.AddToCartTest@5e4c8041]" started-at="2025-04-04T22:46:21 IST" name="addProductToCart" finished-at="2025-04-04T22:46:23 IST" duration-ms="1932" status="PASS">
          <reporter-output>
          </reporter-output>
        </test-method> <!-- addProductToCart -->
        <test-method is-config="true" signature="tearDown()[pri:0, instance:com.amazon.tests.AddToCartTest@5e4c8041]" started-at="2025-04-04T22:46:24 IST" name="tearDown" finished-at="2025-04-04T22:46:25 IST" duration-ms="534" status="PASS">
          <reporter-output>
          </reporter-output>
        </test-method> <!-- tearDown -->
      </class> <!-- com.amazon.tests.AddToCartTest -->
      <class name="tests.SearchTest">
        <test-method signature="searchTest()[pri:0, instance:tests.SearchTest@78047b92]" started-at="2025-04-04T22:46:24 IST" name="searchTest" finished-at="2025-04-04T22:46:24 IST" duration-ms="1" status="PASS">
          <reporter-output>
          </reporter-output>
        </test-method> <!-- searchTest -->
      </class> <!-- tests.SearchTest -->
    </test> <!-- Command line test -->
  </suite> <!-- Command line suite -->
</testng-results>
