<?xml version="1.0" encoding="UTF-8"?>
<testng-results ignored="0" total="4" passed="4" failed="0" skipped="0">
  <reporter-output>
  </reporter-output>
  <suite started-at="2025-04-04T22:43:49 IST" name="Suite" finished-at="2025-04-04T22:43:54 IST" duration-ms="4826">
    <groups>
    </groups>
    <test started-at="2025-04-04T22:43:49 IST" name="Test" finished-at="2025-04-04T22:43:54 IST" duration-ms="4826">
      <class name="tests.LoginTest">
        <test-method signature="loginTest(java.lang.String,java.lang.String)[pri:0, instance:tests.LoginTest@327514f]" started-at="2025-04-04T22:43:54 IST" name="loginTest" data-provider="testData" finished-at="2025-04-04T22:43:54 IST" duration-ms="3" status="PASS">
          <params>
            <param index="0">
              <value>
                <![CDATA[testuser1@gmail.com]]>
              </value>
            </param>
            <param index="1">
              <value>
                <![CDATA[testpass123]]>
              </value>
            </param>
          </params>
          <reporter-output>
          </reporter-output>
        </test-method> <!-- loginTest -->
        <test-method signature="loginTest(java.lang.String,java.lang.String)[pri:0, instance:tests.LoginTest@327514f]" started-at="2025-04-04T22:43:54 IST" name="loginTest" data-provider="testData" finished-at="2025-04-04T22:43:54 IST" duration-ms="2" status="PASS">
          <params>
            <param index="0">
              <value>
                <![CDATA[testuser2@gmail.com]]>
              </value>
            </param>
            <param index="1">
              <value>
                <![CDATA[testpass456]]>
              </value>
            </param>
          </params>
          <reporter-output>
          </reporter-output>
        </test-method> <!-- loginTest -->
      </class> <!-- tests.LoginTest -->
      <class name="com.amazon.tests.AddToCartTest">
        <test-method is-config="true" signature="setUp()[pri:0, instance:com.amazon.tests.AddToCartTest@54d9d12d]" started-at="2025-04-04T22:43:49 IST" name="setUp" finished-at="2025-04-04T22:43:53 IST" duration-ms="3852" status="PASS">
          <reporter-output>
          </reporter-output>
        </test-method> <!-- setUp -->
        <test-method signature="addProductToCart()[pri:0, instance:com.amazon.tests.AddToCartTest@54d9d12d]" started-at="2025-04-04T22:43:53 IST" name="addProductToCart" finished-at="2025-04-04T22:43:53 IST" duration-ms="13" status="PASS">
          <reporter-output>
          </reporter-output>
        </test-method> <!-- addProductToCart -->
        <test-method is-config="true" signature="tearDown()[pri:0, instance:com.amazon.tests.AddToCartTest@54d9d12d]" started-at="2025-04-04T22:43:53 IST" name="tearDown" finished-at="2025-04-04T22:43:53 IST" duration-ms="166" status="PASS">
          <reporter-output>
          </reporter-output>
        </test-method> <!-- tearDown -->
      </class> <!-- com.amazon.tests.AddToCartTest -->
      <class name="tests.SearchTest">
        <test-method signature="searchTest()[pri:0, instance:tests.SearchTest@5b12b668]" started-at="2025-04-04T22:43:54 IST" name="searchTest" finished-at="2025-04-04T22:43:54 IST" duration-ms="1" status="PASS">
          <reporter-output>
          </reporter-output>
        </test-method> <!-- searchTest -->
      </class> <!-- tests.SearchTest -->
    </test> <!-- Test -->
  </suite> <!-- Suite -->
</testng-results>
